app/buildmm/intermediates/manifest_merge_blame_file/debug/manifest-merger-blame-debug-report.txt
1<?xml version="1.0" encoding="utf-8"?>
2<manifest xmlns:android="http://schemas.android.com/apk/res/android"
3    package="com.app.janeio"
4    android:versionCode="1"
5    android:versionName="1.0" >
6
7    <uses-sdk
8        android:minSdkVersion="21"
8-->src\main\AndroidManifest.xml
9        android:targetSdkVersion="31" />
9-->src\main\AndroidManifest.xml
10
11    <uses-permission android:name="android.permission.SCHEDULE_EXACT_ALARM" />
11-->src\main\AndroidManifest.xml:5:5-79
11-->src\main\AndroidManifest.xml:5:22-76
12    <uses-permission android:name="android.permission.VIBRATE" />
12-->src\main\AndroidManifest.xml:6:5-66
12-->src\main\AndroidManifest.xml:6:22-63
13
14    <application
14-->src\main\AndroidManifest.xml:8:5-40:19
15        android:allowBackup="true"
15-->src\main\AndroidManifest.xml:9:9-35
16        android:appComponentFactory="androidx.core.app.CoreComponentFactory"
16-->[androidx.core:core:1.3.2] AndroidManifest.xml:24:18-86
17        android:debuggable="true"
18        android:icon="@mipmap/ic_launcher"
18-->src\main\AndroidManifest.xml:10:9-43
19        android:label="@string/app_name"
19-->src\main\AndroidManifest.xml:11:9-41
20        android:roundIcon="@mipmap/ic_launcher"
20-->src\main\AndroidManifest.xml:12:9-48
21        android:supportsRtl="true"
21-->src\main\AndroidManifest.xml:13:9-35
22        android:theme="@style/Theme.AppCompat.NoActionBar" >
22-->src\main\AndroidManifest.xml:14:9-59
23        <activity
23-->src\main\AndroidManifest.xml:15:9-17:39
24            android:name="com.app.janeio.TodoItemActivity"
24-->src\main\AndroidManifest.xml:16:13-45
25            android:exported="true" />
25-->src\main\AndroidManifest.xml:17:13-36
26        <activity
26-->src\main\AndroidManifest.xml:18:9-22:20
27            android:name="com.app.janeio.TodoListActivity"
27-->src\main\AndroidManifest.xml:19:13-45
28            android:exported="true" >
28-->src\main\AndroidManifest.xml:20:13-36
29        </activity>
30        <activity
30-->src\main\AndroidManifest.xml:23:9-30:20
31            android:name="com.app.janeio.HomeActivity"
31-->src\main\AndroidManifest.xml:23:19-47
32            android:exported="true" >
32-->src\main\AndroidManifest.xml:24:13-36
33            <intent-filter>
33-->src\main\AndroidManifest.xml:25:13-29:29
34                <action android:name="android.intent.action.MAIN" />
34-->src\main\AndroidManifest.xml:26:17-69
34-->src\main\AndroidManifest.xml:26:25-66
35
36                <category android:name="android.intent.category.LAUNCHER" />
36-->src\main\AndroidManifest.xml:28:17-77
36-->src\main\AndroidManifest.xml:28:27-74
37            </intent-filter>
38        </activity>
39        <activity
39-->src\main\AndroidManifest.xml:31:9-33:39
40            android:name="com.app.janeio.DestinationActivity"
40-->src\main\AndroidManifest.xml:32:13-48
41            android:exported="true" />
41-->src\main\AndroidManifest.xml:33:13-36
42        <activity
42-->src\main\AndroidManifest.xml:34:9-37:48
43            android:name="com.app.janeio.MainActivity"
43-->src\main\AndroidManifest.xml:35:13-41
44            android:exported="true"
44-->src\main\AndroidManifest.xml:36:13-36
45            android:label="@string/app_name" />
45-->src\main\AndroidManifest.xml:37:13-45
46
47        <receiver android:name="com.app.janeio.AlarmReciever" />
47-->src\main\AndroidManifest.xml:39:9-51
47-->src\main\AndroidManifest.xml:39:19-48
48    </application>
49
50</manifest>